-------------------------------------------------------------------------------
Test set: tests.telecommunications.positive.MobileReplenishmentPositiveTest
-------------------------------------------------------------------------------
Tests run: 2, Failures: 0, Errors: 1, Skipped: 0, Time elapsed: 19.365 s <<< FAILURE! - in tests.telecommunications.positive.MobileReplenishmentPositiveTest
minAmountReplenishmentCheck  Time elapsed: 3.234 s  <<< ERROR!
org.openqa.selenium.ElementClickInterceptedException: 
element click intercepted: Element <button type="submit" data-qa-node="submit" class="sc-bwzfXH ezBCKw">...</button> is not clickable at point (960, 806). Other element would receive the click: <div class="sc-esjQYD gXfEby">...</div>
  (Session info: chrome=84.0.4147.105)
Build info: version: '3.141.59', revision: 'e82be7d358', time: '2018-11-14T08:17:03'
System info: host: 'KOSARAU', ip: '169.254.129.142', os.name: 'Windows 10', os.arch: 'amd64', os.version: '10.0', java.version: '1.8.0_171'
Driver info: org.openqa.selenium.chrome.ChromeDriver
Capabilities {acceptInsecureCerts: false, browserName: chrome, browserVersion: 84.0.4147.105, chrome: {chromedriverVersion: 83.0.4103.39 (ccbf011cb2d2b..., userDataDir: C:\Users\kosarau\AppData\Lo...}, goog:chromeOptions: {debuggerAddress: localhost:53437}, javascriptEnabled: true, networkConnectionEnabled: false, pageLoadStrategy: normal, platform: WINDOWS, platformName: WINDOWS, proxy: Proxy(), setWindowRect: true, strictFileInteractability: false, timeouts: {implicit: 0, pageLoad: 300000, script: 30000}, unhandledPromptBehavior: dismiss and notify, webauthn:virtualAuthenticators: true}
Session ID: 54a4a42b78ae0a3f16c3d43167f69318
	at tests.telecommunications.positive.MobileReplenishmentPositiveTest.minAmountReplenishmentCheck(MobileReplenishmentPositiveTest.java:27)

